proguard-project.txt
# To enable ProGuard in your project, edit project.properties
# to define the proguard.config property as described in that file.
#
# Add project specific ProGuard rules here.
# By default, the flags in this file are appended to flags specified
# in ${sdk.dir}/tools/proguard/proguard-android.txt
# You can edit the include path and order by changing the ProGuard
# include property in project.properties.
#
# For more details, see
#   http://developer.android.com/guide/developing/tools/proguard.html

# Add any project specific keep options here:

# If your project uses WebView with JS, uncomment the following
# and specify the fully qualified class name to the JavaScript interface
# class:
#-keepclassmembers class fqcn.of.javascript.interface.for.webview {
#   public *;
#}


-dontobfuscate
-optimizations !code/simplification/arithmetic,!field/*,!class/merging/*,!code/allocation/variable
#-keepclassmembers class * implements java.io.Serializable { public *; }
#
#-keep class com.google.android.gms.** { *; }
#-dontwarn com.google.android.gms.**
#
#
#-keepclassmembers class android.support.v4.widget.DrawerLayout { 
#	private android.support.v4.widget.ViewDragHelper *;
# }
#
#-keepclassmembers class android.support.v4.widget.ViewDragHelper { 
#	private int mEdgeSize;
# }
 