proguard/seeds.txt
org.twinone.irremote.DBActivity
org.twinone.irremote.DBActivity: DBActivity()
org.twinone.irremote.R$color: int remote_bg_center
org.twinone.irremote.R$color: int remote_bg_end
org.twinone.irremote.R$color: int remote_bg_start
org.twinone.irremote.R$color: int remote_button_bg_default_center
org.twinone.irremote.R$color: int remote_button_bg_default_end
org.twinone.irremote.R$color: int remote_button_bg_default_start
org.twinone.irremote.R$color: int remote_button_bg_disabled_center
org.twinone.irremote.R$color: int remote_button_bg_disabled_end
org.twinone.irremote.R$color: int remote_button_bg_disabled_start
org.twinone.irremote.R$color: int remote_button_bg_pressed_center
org.twinone.irremote.R$color: int remote_button_bg_pressed_end
org.twinone.irremote.R$color: int remote_button_bg_pressed_start
org.twinone.irremote.R$dimen: int activity_horizontal_margin
org.twinone.irremote.R$dimen: int activity_vertical_margin
org.twinone.irremote.R$dimen: int element_horizontal_margin
org.twinone.irremote.R$dimen: int element_vertical_margin
org.twinone.irremote.R$dimen: int remote_button_horizontal_margin
org.twinone.irremote.R$dimen: int remote_button_radius
org.twinone.irremote.R$dimen: int remote_button_vertical_margin
org.twinone.irremote.R$drawable: int ic_action_back
org.twinone.irremote.R$drawable: int ic_action_refresh
org.twinone.irremote.R$drawable: int ic_action_save
org.twinone.irremote.R$drawable: int ic_action_search
org.twinone.irremote.R$drawable: int ic_launcher
org.twinone.irremote.R$drawable: int remote_bg
org.twinone.irremote.R$drawable: int remote_button_bg
org.twinone.irremote.R$drawable: int remote_button_bg_default
org.twinone.irremote.R$drawable: int remote_button_bg_disabled
org.twinone.irremote.R$drawable: int remote_button_bg_pressed
org.twinone.irremote.R$id: int action_settings
org.twinone.irremote.R$id: int button_back
org.twinone.irremote.R$id: int button_ch_down
org.twinone.irremote.R$id: int button_ch_up
org.twinone.irremote.R$id: int button_digit_0
org.twinone.irremote.R$id: int button_digit_1
org.twinone.irremote.R$id: int button_digit_2
org.twinone.irremote.R$id: int button_digit_3
org.twinone.irremote.R$id: int button_digit_4
org.twinone.irremote.R$id: int button_digit_5
org.twinone.irremote.R$id: int button_digit_6
org.twinone.irremote.R$id: int button_digit_7
org.twinone.irremote.R$id: int button_digit_8
org.twinone.irremote.R$id: int button_digit_9
org.twinone.irremote.R$id: int button_menu
org.twinone.irremote.R$id: int button_mute
org.twinone.irremote.R$id: int button_nav_down
org.twinone.irremote.R$id: int button_nav_left
org.twinone.irremote.R$id: int button_nav_ok
org.twinone.irremote.R$id: int button_nav_right
org.twinone.irremote.R$id: int button_nav_up
org.twinone.irremote.R$id: int button_power
org.twinone.irremote.R$id: int button_vol_down
org.twinone.irremote.R$id: int button_vol_up
org.twinone.irremote.R$id: int container
org.twinone.irremote.R$id: int lvElements
org.twinone.irremote.R$id: int menu_action_select_remote
org.twinone.irremote.R$id: int menu_db_refresh
org.twinone.irremote.R$id: int menu_db_save
org.twinone.irremote.R$id: int menu_db_search
org.twinone.irremote.R$id: int overlay
org.twinone.irremote.R$id: int save_button_name
org.twinone.irremote.R$layout: int activity_main
org.twinone.irremote.R$layout: int activity_remote
org.twinone.irremote.R$layout: int dialog_save_button
org.twinone.irremote.R$layout: int dialog_save_remote
org.twinone.irremote.R$layout: int dialog_select_remote
org.twinone.irremote.R$layout: int fragment_listable
org.twinone.irremote.R$layout: int fragment_remote_digits
org.twinone.irremote.R$layout: int fragment_remote_main
org.twinone.irremote.R$layout: int listable_element
org.twinone.irremote.R$layout: int overlay
org.twinone.irremote.R$layout: int select_remote
org.twinone.irremote.R$layout: int select_remote_item
org.twinone.irremote.R$layout: int separator
...
com.google.gson.FieldNamingPolicy: com.google.gson.FieldNamingPolicy[] values()
com.google.gson.FieldNamingPolicy: com.google.gson.FieldNamingPolicy valueOf(java.lang.String)
com.google.gson.LongSerializationPolicy: com.google.gson.LongSerializationPolicy[] values()
com.google.gson.LongSerializationPolicy: com.google.gson.LongSerializationPolicy valueOf(java.lang.String)
com.google.gson.stream.JsonScope: com.google.gson.stream.JsonScope[] values()
com.google.gson.stream.JsonScope: com.google.gson.stream.JsonScope valueOf(java.lang.String)
com.google.gson.stream.JsonToken: com.google.gson.stream.JsonToken[] values()
com.google.gson.stream.JsonToken: com.google.gson.stream.JsonToken valueOf(java.lang.String)