proguard/mapping.txt
org.twinone.irremote.Button -> org.twinone.irremote.a:
    boolean common -> a
    int id -> b
    java.lang.String text -> c
    int format -> d
    java.lang.String code -> e
    java.lang.String getDisplayName(android.content.Context) -> a
    java.lang.String getCommonButtonDisplayName(android.content.Context) -> b
    boolean isCommonButton() -> a
    org.twinone.irremote.ir.Signal getSignal() -> b
    boolean equals(java.lang.Object) -> equals
    int hashCode() -> hashCode
org.twinone.irremote.DBActivity -> org.twinone.irremote.DBActivity:
    void onCreate(android.os.Bundle) -> onCreate
    boolean onNavigateUp() -> onNavigateUp
    void popFragment() -> a
    void setTitle(java.lang.CharSequence) -> setTitle
    void addFragment(org.twinone.irremote.globalcache.UriData) -> a
org.twinone.irremote.FileUtils -> org.twinone.irremote.b:
    boolean remove(java.io.File) -> a
    boolean isAvailable(java.io.File) -> b
    java.lang.String get(java.io.File) -> c
    void put(java.io.File,java.lang.String) -> a
org.twinone.irremote.Listable -> org.twinone.irremote.c:
    java.lang.String getKey() -> a
    int getType() -> b
    java.lang.String getDisplayName() -> c
    int compareTo(org.twinone.irremote.Listable) -> a
    int compareTo(java.lang.Object) -> compareTo
org.twinone.irremote.ListableAdapter -> org.twinone.irremote.d:
    android.view.LayoutInflater mInflater -> a
    java.util.List mOriginalItems -> b
    java.util.List mCurrentItems -> c
    android.widget.Filter mFilter -> d
    void restoreOriginalDataSet() -> a
    int getCount() -> getCount
    org.twinone.irremote.Listable getItem(int) -> a
    long getItemId(int) -> getItemId
    android.view.View getView(int,android.view.View,android.view.ViewGroup) -> getView
    android.view.View createViewFromResource(int,android.view.View,android.view.ViewGroup) -> a
    android.widget.Filter getFilter() -> getFilter
    java.lang.Object getItem(int) -> getItem
    java.util.List access$1(org.twinone.irremote.ListableAdapter) -> a
    void access$2(org.twinone.irremote.ListableAdapter,java.util.List) -> a
org.twinone.irremote.ListableAdapter$MyFilter -> org.twinone.irremote.e:
    org.twinone.irremote.ListableAdapter this$0 -> a
    android.widget.Filter$FilterResults performFiltering(java.lang.CharSequence) -> performFiltering
    void publishResults(java.lang.CharSequence,android.widget.Filter$FilterResults) -> publishResults
org.twinone.irremote.Remote -> org.twinone.irremote.f:
    int v -> a
    java.lang.String name -> b
    java.util.List commonButtons -> c
    java.util.List otherButtons -> d
    java.lang.String serialize() -> a
    org.twinone.irremote.Remote deserialize(java.lang.String) -> a
    java.io.File getRemotesDir(android.content.Context) -> c
    java.io.File getRemoteFile(android.content.Context,java.lang.String) -> b
    org.twinone.irremote.Remote load(android.content.Context,java.lang.String) -> a
    void save(android.content.Context) -> a
    java.util.List getNames(android.content.Context) -> b
    boolean contains(boolean,int) -> a
    org.twinone.irremote.Button getButton(boolean,int) -> b
    void addButton(org.twinone.irremote.Button) -> a
    void addButton(android.content.Context,java.lang.String,org.twinone.irremote.Button) -> a
...
com.google.gson.internal.bind.TypeAdapters$21 -> a.a.a.b.a.am:
    java.util.UUID read(com.google.gson.stream.JsonReader) -> a
    void write(com.google.gson.stream.JsonWriter,java.util.UUID) -> a
    java.lang.Object read(com.google.gson.stream.JsonReader) -> b
    void write(com.google.gson.stream.JsonWriter,java.lang.Object) -> a
com.google.gson.internal.bind.TypeAdapters$22 -> a.a.a.b.a.an:
    com.google.gson.TypeAdapter create(com.google.gson.Gson,com.google.gson.reflect.TypeToken) -> a
com.google.gson.internal.bind.TypeAdapters$22$1 -> a.a.a.b.a.ao:
    com.google.gson.TypeAdapter val$dateTypeAdapter -> a
    com.google.gson.internal.bind.TypeAdapters$22 this$0 -> b
    java.sql.Timestamp read(com.google.gson.stream.JsonReader) -> a
    void write(com.google.gson.stream.JsonWriter,java.sql.Timestamp) -> a
    java.lang.Object read(com.google.gson.stream.JsonReader) -> b
    void write(com.google.gson.stream.JsonWriter,java.lang.Object) -> a
com.google.gson.internal.bind.TypeAdapters$23 -> a.a.a.b.a.ap:
    java.util.Calendar read(com.google.gson.stream.JsonReader) -> a
    void write(com.google.gson.stream.JsonWriter,java.util.Calendar) -> a
    java.lang.Object read(com.google.gson.stream.JsonReader) -> b
    void write(com.google.gson.stream.JsonWriter,java.lang.Object) -> a
com.google.gson.internal.bind.TypeAdapters$24 -> a.a.a.b.a.aq:
    java.util.Locale read(com.google.gson.stream.JsonReader) -> a
    void write(com.google.gson.stream.JsonWriter,java.util.Locale) -> a
    java.lang.Object read(com.google.gson.stream.JsonReader) -> b
    void write(com.google.gson.stream.JsonWriter,java.lang.Object) -> a
com.google.gson.internal.bind.TypeAdapters$25 -> a.a.a.b.a.ar:
    com.google.gson.JsonElement read(com.google.gson.stream.JsonReader) -> a
    void write(com.google.gson.stream.JsonWriter,com.google.gson.JsonElement) -> a
    java.lang.Object read(com.google.gson.stream.JsonReader) -> b
    void write(com.google.gson.stream.JsonWriter,java.lang.Object) -> a
com.google.gson.internal.bind.TypeAdapters$26 -> a.a.a.b.a.as:
    com.google.gson.TypeAdapter create(com.google.gson.Gson,com.google.gson.reflect.TypeToken) -> a
com.google.gson.internal.bind.TypeAdapters$28 -> a.a.a.b.a.at:
    java.lang.Class val$type -> a
    com.google.gson.TypeAdapter val$typeAdapter -> b
    com.google.gson.TypeAdapter create(com.google.gson.Gson,com.google.gson.reflect.TypeToken) -> a
    java.lang.String toString() -> toString
com.google.gson.internal.bind.TypeAdapters$29 -> a.a.a.b.a.au:
    java.lang.Class val$unboxed -> a
    java.lang.Class val$boxed -> b
    com.google.gson.TypeAdapter val$typeAdapter -> c
    com.google.gson.TypeAdapter create(com.google.gson.Gson,com.google.gson.reflect.TypeToken) -> a
    java.lang.String toString() -> toString
com.google.gson.internal.bind.TypeAdapters$3 -> a.a.a.b.a.av:
    java.lang.Boolean read(com.google.gson.stream.JsonReader) -> a
    void write(com.google.gson.stream.JsonWriter,java.lang.Boolean) -> a
    java.lang.Object read(com.google.gson.stream.JsonReader) -> b
    void write(com.google.gson.stream.JsonWriter,java.lang.Object) -> a
com.google.gson.internal.bind.TypeAdapters$30 -> a.a.a.b.a.aw:
    java.lang.Class val$base -> a
    java.lang.Class val$sub -> b
    com.google.gson.TypeAdapter val$typeAdapter -> c
    com.google.gson.TypeAdapter create(com.google.gson.Gson,com.google.gson.reflect.TypeToken) -> a
    java.lang.String toString() -> toString
com.google.gson.internal.bind.TypeAdapters$31 -> a.a.a.b.a.ax:
    java.lang.Class val$clazz -> a
    com.google.gson.TypeAdapter val$typeAdapter -> b
    com.google.gson.TypeAdapter create(com.google.gson.Gson,com.google.gson.reflect.TypeToken) -> a
    java.lang.String toString() -> toString
com.google.gson.internal.bind.TypeAdapters$32 -> a.a.a.b.a.ay:
    int[] $SwitchMap$com$google$gson$stream$JsonToken -> a