proguard/usage.txt
org.twinone.irremote.BuildConfig
org.twinone.irremote.Button:
    private static final long serialVersionUID
    public static final int ID_NONE
    public static final int ID_POWER
    public static final int ID_POWER_ON
    public static final int ID_POWER_OFF
    public static final int ID_VOL_UP
    public static final int ID_VOL_DOWN
    public static final int ID_CH_UP
    public static final int ID_CH_DOWN
    public static final int ID_NAV_UP
    public static final int ID_NAV_DOWN
    public static final int ID_NAV_LEFT
    public static final int ID_NAV_RIGHT
    public static final int ID_NAV_OK
    public static final int ID_BACK
    public static final int ID_MUTE
    public static final int ID_MENU
    public static final int ID_DIGIT_0
    public static final int ID_DIGIT_1
    public static final int ID_DIGIT_2
    public static final int ID_DIGIT_3
    public static final int ID_DIGIT_4
    public static final int ID_DIGIT_5
    public static final int ID_DIGIT_6
    public static final int ID_DIGIT_7
    public static final int ID_DIGIT_8
    public static final int ID_DIGIT_9
    public java.lang.String ic
org.twinone.irremote.FileUtils:
    private static final java.lang.String TAG
    28:28:public FileUtils()
org.twinone.irremote.Listable:
    private static final long serialVersionUID
org.twinone.irremote.ListableAdapter:
    77:78:public void sort()
    91:91:public java.util.List getAllItems()
org.twinone.irremote.R
org.twinone.irremote.R$attr
org.twinone.irremote.R$color
org.twinone.irremote.R$dimen
org.twinone.irremote.R$drawable
org.twinone.irremote.R$id
org.twinone.irremote.R$layout
org.twinone.irremote.R$menu
org.twinone.irremote.R$string
org.twinone.irremote.R$style
org.twinone.irremote.Remote:
    public static final int VERSION_0
    private static final long serialVersionUID
    private static final java.lang.String EXTENSION
org.twinone.irremote.RemoteActivity:
    private static final java.lang.String SELECT_REMOTE_TAG
org.twinone.irremote.SaveButtonDialogFragment:
    private static final java.lang.String ARG_BUTTON
org.twinone.irremote.SaveRemoteDialogFragment:
    private static final java.lang.String ARG_REMOTE
org.twinone.irremote.globalcache.Codeset:
    private static final long serialVersionUID
org.twinone.irremote.globalcache.DBConnector:
    private static final java.lang.String TAG
    55:56:public DBConnector(android.content.Context)
org.twinone.irremote.globalcache.DBFragment:
    public static final java.lang.String ARG_URI_DATA
org.twinone.irremote.globalcache.DeviceType:
    private static final long serialVersionUID
org.twinone.irremote.globalcache.IrCode:
    private static final long serialVersionUID
org.twinone.irremote.globalcache.Manufacturer:
    private static final long serialVersionUID
org.twinone.irremote.globalcache.SimpleCache:
    24:24:public SimpleCache()
org.twinone.irremote.globalcache.UriData:
    private static final long serialVersionUID
    private static final java.lang.String API_KEY
    private static final java.lang.String BASE_URL
    private static final java.lang.String URL_MANUFACTURERS
    private static final java.lang.String URL_DEVICE_TYPES
    private static final java.lang.String URL_CODESETS
    public static final int TYPE_MANUFACTURER
    public static final int TYPE_DEVICE_TYPE
    public static final int TYPE_CODESET
    public static final int TYPE_IR_CODE
    106:114:public org.twinone.irremote.Listable getLastSelectedData()
org.twinone.irremote.ir.IRTransmitter:
    44:44:public boolean getShowFeedbackView()
    55:55:public boolean hasIrEmitter()
    94:95:public void blink()
org.twinone.irremote.ir.Signal:
    public static final int FORMAT_AUTO
    public static final int FORMAT_PRONTO
    public static final int FORMAT_GLOBALCACHE
    private static final long serialVersionUID
org.twinone.irremote.ir.SignalFactory:
    19:19:public SignalFactory()
...
com.google.gson.JsonPrimitive:
    74:76:public JsonPrimitive(java.lang.Character)
    84:86:JsonPrimitive(java.lang.Object)
    199:199:public java.math.BigDecimal getAsBigDecimal()
    210:210:public java.math.BigInteger getAsBigInteger()
    222:222:public float getAsFloat()
    244:244:public short getAsShort()
    260:260:public byte getAsByte()
    265:265:public char getAsCharacter()
com.google.gson.JsonSerializationContext:
    public abstract com.google.gson.JsonElement serialize(java.lang.Object)
    public abstract com.google.gson.JsonElement serialize(java.lang.Object,java.lang.reflect.Type)
com.google.gson.JsonSerializer
com.google.gson.JsonStreamParser
com.google.gson.JsonSyntaxException:
    private static final long serialVersionUID
com.google.gson.LongSerializationPolicy:
    public abstract com.google.gson.JsonElement serialize(java.lang.Long)
com.google.gson.LongSerializationPolicy$1:
    36:36:public com.google.gson.JsonElement serialize(java.lang.Long)
com.google.gson.LongSerializationPolicy$2:
    47:47:public com.google.gson.JsonElement serialize(java.lang.Long)
com.google.gson.TreeTypeAdapter
com.google.gson.TreeTypeAdapter$1
com.google.gson.TreeTypeAdapter$SingleTypeFactory
com.google.gson.TypeAdapter:
    141:143:public final void toJson(java.io.Writer,java.lang.Object)
    186:186:public final com.google.gson.TypeAdapter nullSafe()
    215:217:public final java.lang.String toJson(java.lang.Object)
    255:256:public final java.lang.Object fromJson(java.io.Reader)
    269:269:public final java.lang.Object fromJson(java.lang.String)
    280:283:public final java.lang.Object fromJsonTree(com.google.gson.JsonElement)
com.google.gson.TypeAdapter$1
com.google.gson.internal.$Gson$Preconditions:
    32:32:public $Gson$Preconditions()
com.google.gson.internal.$Gson$Types:
    45:45:private $Gson$Types()
com.google.gson.internal.$Gson$Types$GenericArrayTypeImpl:
    private static final long serialVersionUID
com.google.gson.internal.$Gson$Types$ParameterizedTypeImpl:
    private static final long serialVersionUID
com.google.gson.internal.$Gson$Types$WildcardTypeImpl:
    private static final long serialVersionUID
com.google.gson.internal.Excluder:
    private static final double IGNORE_VERSIONS
    70:72:public com.google.gson.internal.Excluder withVersion(double)
    76:81:public varargs com.google.gson.internal.Excluder withModifiers(int[])
    85:87:public com.google.gson.internal.Excluder disableInnerClassSerialization()
    91:93:public com.google.gson.internal.Excluder excludeFieldsWithoutExposeAnnotation()
    98:108:public com.google.gson.internal.Excluder withExclusionStrategy(com.google.gson.ExclusionStrategy,boolean,boolean)
com.google.gson.internal.Primitives:
    32:32:private Primitives()
    80:80:public static boolean isWrapperType(java.lang.reflect.Type)
    113:115:public static java.lang.Class unwrap(java.lang.Class)
com.google.gson.internal.Streams:
    35:79:public Streams()
    40:60:public static com.google.gson.JsonElement parse(com.google.gson.stream.JsonReader)
com.google.gson.internal.StringMap:
    private static final int MINIMUM_CAPACITY
    private static final int MAXIMUM_CAPACITY
com.google.gson.internal.bind.JsonTreeReader:
    53:55:public JsonTreeReader(com.google.gson.JsonElement)
com.google.gson.internal.bind.JsonTreeWriter:
    163:167:public com.google.gson.stream.JsonWriter value(double)
com.google.gson.internal.bind.TypeAdapters:
    58:58:private TypeAdapters()
    760:760:public static com.google.gson.TypeAdapterFactory newFactory(com.google.gson.reflect.TypeToken,com.google.gson.TypeAdapter)
com.google.gson.internal.bind.TypeAdapters$23:
    private static final java.lang.String YEAR
    private static final java.lang.String MONTH
    private static final java.lang.String DAY_OF_MONTH
    private static final java.lang.String HOUR_OF_DAY
    private static final java.lang.String MINUTE
    private static final java.lang.String SECOND